<?xml version="1.0" encoding="UTF-8"?>
<testsuite xmlns:xsi="http://www.w3.org/2001/XMLSchema-instance" xsi:noNamespaceSchemaLocation="https://maven.apache.org/surefire/maven-surefire-plugin/xsd/surefire-test-report.xsd" version="3.0.2" name="com.universidade.sighoras.HorasUfsjApplicationTests" time="4.838" tests="1" errors="0" skipped="0" failures="0">
  <properties>
[...]
</properties>
  <testcase name="contextLoads" classname="com.universidade.sighoras.HorasUfsjApplicationTests" time="0.511">
    <system-out><![CDATA[00:03:26.341 [main] INFO org.springframework.test.context.support.AnnotationConfigContextLoaderUtils -- Could not detect default configuration classes for test class [com.universidade.sighoras.HorasUfsjApplicationTests]: HorasUfsjApplicationTests does not declare any static, non-private, non-final, nested classes annotated with @Configuration.
00:03:26.458 [main] INFO org.springframework.boot.test.context.SpringBootTestContextBootstrapper -- Found @SpringBootConfiguration com.universidade.sighoras.HorasUfsjApplication for test class com.universidade.sighoras.HorasUfsjApplicationTests
00:03:26.620 [main] INFO org.springframework.boot.devtools.restart.RestartApplicationListener -- Restart disabled due to context in which it is running

  .   ____          _            __ _ _
 /\\ / ___'_ __ _ _(_)_ __  __ _ \ \ \ \
( ( )\___ | '_ | '_| | '_ \/ _` | \ \ \ \
 \\/  ___)| |_)| | | | | || (_| |  ) ) ) )
  '  |____| .__|_| |_|_| |_\__, | / / / /
 =========|_|==============|___/=/_/_/_/

 :: Spring Boot ::                (v3.4.5)

2025-05-28T00:03:26.893-03:00  INFO 72573 --- [horas-ufsj] [           main] c.u.sighoras.HorasUfsjApplicationTests   : Starting HorasUfsjApplicationTests using Java 19 with PID 72573 (started by henriquedalga in /Users/henriquedalga/Desktop/horas-ufsj/backend)
2025-05-28T00:03:26.894-03:00  INFO 72573 --- [horas-ufsj] [           main] c.u.sighoras.HorasUfsjApplicationTests   : No active profile set, falling back to 1 default profile: "default"
2025-05-28T00:03:27.555-03:00  INFO 72573 --- [horas-ufsj] [           main] .s.d.r.c.RepositoryConfigurationDelegate : Bootstrapping Spring Data JPA repositories in DEFAULT mode.
2025-05-28T00:03:27.611-03:00  INFO 72573 --- [horas-ufsj] [           main] .s.d.r.c.RepositoryConfigurationDelegate : Finished Spring Data repository scanning in 47 ms. Found 3 JPA repository interfaces.
2025-05-28T00:03:28.031-03:00  INFO 72573 --- [horas-ufsj] [           main] o.hibernate.jpa.internal.util.LogHelper  : HHH000204: Processing PersistenceUnitInfo [name: default]
2025-05-28T00:03:28.081-03:00  INFO 72573 --- [horas-ufsj] [           main] org.hibernate.Version                    : HHH000412: Hibernate ORM core version 6.2.7.Final
2025-05-28T00:03:28.083-03:00  INFO 72573 --- [horas-ufsj] [           main] org.hibernate.cfg.Environment            : HHH000406: Using bytecode reflection optimizer
2025-05-28T00:03:28.201-03:00  INFO 72573 --- [horas-ufsj] [           main] o.h.b.i.BytecodeProviderInitiator        : HHH000021: Bytecode provider name : bytebuddy
2025-05-28T00:03:28.300-03:00  INFO 72573 --- [horas-ufsj] [           main] o.s.o.j.p.SpringPersistenceUnitInfo      : No LoadTimeWeaver setup: ignoring JPA class transformer
2025-05-28T00:03:28.314-03:00  INFO 72573 --- [horas-ufsj] [           main] com.zaxxer.hikari.HikariDataSource       : HikariPool-1 - Starting...
2025-05-28T00:03:28.518-03:00  INFO 72573 --- [horas-ufsj] [           main] com.zaxxer.hikari.pool.HikariPool        : HikariPool-1 - Added connection org.postgresql.jdbc.PgConnection@44aa91e2
2025-05-28T00:03:28.519-03:00  INFO 72573 --- [horas-ufsj] [           main] com.zaxxer.hikari.HikariDataSource       : HikariPool-1 - Start completed.
2025-05-28T00:03:28.733-03:00  INFO 72573 --- [horas-ufsj] [           main] o.h.b.i.BytecodeProviderInitiator        : HHH000021: Bytecode provider name : bytebuddy
2025-05-28T00:03:29.307-03:00  INFO 72573 --- [horas-ufsj] [           main] o.h.e.t.j.p.i.JtaPlatformInitiator       : HHH000490: Using JtaPlatform implementation: [org.hibernate.engine.transaction.jta.platform.internal.NoJtaPlatform]
2025-05-28T00:03:29.360-03:00  INFO 72573 --- [horas-ufsj] [           main] j.LocalContainerEntityManagerFactoryBean : Initialized JPA EntityManagerFactory for persistence unit 'default'
2025-05-28T00:03:29.520-03:00  WARN 72573 --- [horas-ufsj] [           main] JpaBaseConfiguration$JpaWebConfiguration : spring.jpa.open-in-view is enabled by default. Therefore, database queries may be performed during view rendering. Explicitly configure spring.jpa.open-in-view to disable this warning
2025-05-28T00:03:30.264-03:00  WARN 72573 --- [horas-ufsj] [           main] .s.s.UserDetailsServiceAutoConfiguration : 

Using generated security password: e1fb9d0f-5e06-4529-98c5-a0fabe2f644d

This generated password is for development use only. Your security configuration must be updated before running your application in production.

2025-05-28T00:03:30.283-03:00  INFO 72573 --- [horas-ufsj] [           main] r$InitializeUserDetailsManagerConfigurer : Global AuthenticationManager configured with UserDetailsService bean with name inMemoryUserDetailsManager
2025-05-28T00:03:30.487-03:00  INFO 72573 --- [horas-ufsj] [           main] o.s.b.t.m.w.SpringBootMockServletContext : Initializing Spring TestDispatcherServlet ''
2025-05-28T00:03:30.487-03:00  INFO 72573 --- [horas-ufsj] [           main] o.s.t.web.servlet.TestDispatcherServlet  : Initializing Servlet ''
2025-05-28T00:03:30.489-03:00  INFO 72573 --- [horas-ufsj] [           main] o.s.t.web.servlet.TestDispatcherServlet  : Completed initialization in 1 ms
2025-05-28T00:03:30.515-03:00  INFO 72573 --- [horas-ufsj] [           main] c.u.sighoras.HorasUfsjApplicationTests   : Started HorasUfsjApplicationTests in 3.909 seconds (process running for 4.893)
]]></system-out>
  </testcase>
</testsuite>