<?xml version="1.0" encoding="UTF-8"?>
<testsuite xmlns:xsi="http://www.w3.org/2001/XMLSchema-instance" xsi:noNamespaceSchemaLocation="https://maven.apache.org/surefire/maven-surefire-plugin/xsd/surefire-test-report.xsd" version="3.0.2" name="IntegrandoDrive.controller.StudentControllerTest" time="1.087" tests="2" errors="0" skipped="0" failures="0">
  <properties>
[...]
</properties>
  <testcase name="createStudentFolder_callsPersistence" classname="IntegrandoDrive.controller.StudentControllerTest" time="1.046"/>
  <testcase name="submitAssignment_setsFlag" classname="IntegrandoDrive.controller.StudentControllerTest" time="0.008"/>
</testsuite>