<?xml version="1.0" encoding="UTF-8"?>
<testsuite xmlns:xsi="http://www.w3.org/2001/XMLSchema-instance" xsi:noNamespaceSchemaLocation="https://maven.apache.org/surefire/maven-surefire-plugin/xsd/surefire-test-report.xsd" version="3.0.2" name="IntegrandoDrive.controller.FileControllerTest" time="1.321" tests="7" errors="0" skipped="0" failures="0">
  <properties>
[...]
</properties>
  <testcase name="deleteFile_beforeFinalized_returns204" classname="IntegrandoDrive.controller.FileControllerTest" time="0.063">
    <system-out><![CDATA[Standard Commons Logging discovery in action with spring-jcl: please remove commons-logging.jar from classpath in order to avoid potential conflicts
03:14:48.062 [main] INFO org.springframework.test.context.support.AnnotationConfigContextLoaderUtils -- Could not detect default configuration classes for test class [IntegrandoDrive.controller.FileControllerTest]: FileControllerTest does not declare any static, non-private, non-final, nested classes annotated with @Configuration.
03:14:48.174 [main] INFO org.springframework.boot.test.context.SpringBootTestContextBootstrapper -- Found @SpringBootConfiguration IntegrandoDrive.IntegrandoDriveApplication for test class IntegrandoDrive.controller.FileControllerTest

  .   ____          _            __ _ _
 /\\ / ___'_ __ _ _(_)_ __  __ _ \ \ \ \
( ( )\___ | '_ | '_| | '_ \/ _` | \ \ \ \
 \\/  ___)| |_)| | | | | || (_| |  ) ) ) )
  '  |____| .__|_| |_|_| |_\__, | / / / /
 =========|_|==============|___/=/_/_/_/

 :: Spring Boot ::                (v3.4.5)

2025-06-17T03:14:48.446Z  INFO 1348330 --- [           main] I.controller.FileControllerTest          : Starting FileControllerTest using Java 19.0.2 with PID 1348330 (started by naan in /home/naan/IC/ODS2/drivebackend)
2025-06-17T03:14:48.447Z  INFO 1348330 --- [           main] I.controller.FileControllerTest          : No active profile set, falling back to 1 default profile: "default"
2025-06-17T03:14:49.136Z  INFO 1348330 --- [           main] o.s.b.t.m.w.SpringBootMockServletContext : Initializing Spring TestDispatcherServlet ''
2025-06-17T03:14:49.136Z  INFO 1348330 --- [           main] o.s.t.web.servlet.TestDispatcherServlet  : Initializing Servlet ''
2025-06-17T03:14:49.137Z  INFO 1348330 --- [           main] o.s.t.web.servlet.TestDispatcherServlet  : Completed initialization in 1 ms
2025-06-17T03:14:49.153Z  INFO 1348330 --- [           main] I.controller.FileControllerTest          : Started FileControllerTest in 0.932 seconds (process running for 2.434)
]]></system-out>
  </testcase>
  <testcase name="getFolderLink_returnsLink" classname="IntegrandoDrive.controller.FileControllerTest" time="0.011"/>
  <testcase name="uploadFile_afterFinalized_returns500" classname="IntegrandoDrive.controller.FileControllerTest" time="0.009"/>
  <testcase name="getFileLink_returnsLink" classname="IntegrandoDrive.controller.FileControllerTest" time="0.005"/>
  <testcase name="finalizeSubmission_returns204" classname="IntegrandoDrive.controller.FileControllerTest" time="0.005"/>
  <testcase name="deleteFile_afterFinalized_returns400" classname="IntegrandoDrive.controller.FileControllerTest" time="0.004"/>
  <testcase name="uploadFile_beforeFinalized_returnsFileId" classname="IntegrandoDrive.controller.FileControllerTest" time="0.005"/>
</testsuite>